2022/10/19 21:58:01 [99568] building file list
2022/10/19 21:58:01 [99568] .d..t...... ./
2022/10/19 21:58:01 [99568] >f+++++++++ Task_LinuxBash (3rd copy).pdf
2022/10/19 21:58:01 [99568] >f+++++++++ Task_LinuxBash (another copy).pdf
2022/10/19 21:58:01 [99568] >f+++++++++ Task_LinuxBash (copy).pdf
2022/10/19 21:58:01 [99568] >f+++++++++ Task_LinuxBash.pdf
2022/10/19 21:58:01 [99568] >f+++++++++ _taskB.sh
2022/10/19 21:58:01 [99568] >f+++++++++ _taskC.sh
2022/10/19 21:58:01 [99568] >f+++++++++ apache_logs.txt
2022/10/19 21:58:01 [99568] >f+++++++++ bot.txt
2022/10/19 21:58:01 [99568] >f+++++++++ bots.txt
2022/10/19 21:58:01 [99568] >f+++++++++ example_log.log
2022/10/19 21:58:01 [99568] >f+++++++++ file1.txt
2022/10/19 21:58:01 [99568] >f+++++++++ taskA.sh
2022/10/19 21:58:01 [99568] >f+++++++++ taskC.sh
2022/10/19 21:58:01 [99568] >f+++++++++ test.sh
2022/10/19 21:58:01 [99568] sent 858915 bytes  received 290 bytes  total size 857682
2022/10/19 21:59:01 [99603] building file list
2022/10/19 21:59:01 [99603] .d..t...... ./
2022/10/19 21:59:01 [99603] >f+++++++++ file1 (copy).txt
2022/10/19 21:59:01 [99603] sent 1361 bytes  received 43 bytes  total size 559371
2022/10/19 22:00:01 [99659] building file list
2022/10/19 22:00:02 [99659] sent 387 bytes  received 17 bytes  total size 559371
2022/10/19 22:01:01 [99701] building file list
2022/10/19 22:01:01 [99701] .d..t...... ./
2022/10/19 22:01:01 [99701] >f+++++++++ file1 (copy).txt
2022/10/19 22:01:01 [99701] sent 1361 bytes  received 43 bytes  total size 559371
